TN:
SF:src\prismaClient.js
FN:16,(anonymous_0)
FNF:1
FNH:1
FNDA:2,(anonymous_0)
DA:2,1
DA:3,1
DA:6,1
DA:10,1
DA:12,1
DA:16,1
DA:17,2
DA:18,1
DA:21,1
DA:25,1
DA:26,0
DA:29,1
DA:30,1
DA:32,1
DA:41,2
DA:44,1
LF:16
LH:15
BRDA:6,0,0,1
BRDA:6,0,1,0
BRDA:17,1,0,1
BRDA:17,1,1,1
BRDA:21,2,0,1
BRDA:21,2,1,0
BRDA:25,3,0,0
BRDA:25,3,1,1
BRF:8
BRH:5
end_of_record
TN:
SF:src\routes\product.routes.js
FN:16,(anonymous_0)
FN:23,(anonymous_1)
FN:35,(anonymous_2)
FN:73,(anonymous_3)
FN:99,(anonymous_4)
FN:133,(anonymous_5)
FN:190,(anonymous_6)
FNF:7
FNH:5
FNDA:0,(anonymous_0)
FNDA:0,(anonymous_1)
FNDA:1,(anonymous_2)
FNDA:2,(anonymous_3)
FNDA:8,(anonymous_4)
FNDA:1,(anonymous_5)
FNDA:1,(anonymous_6)
DA:1,1
DA:2,1
DA:3,1
DA:4,1
DA:5,1
DA:6,1
DA:7,1
DA:8,1
DA:9,1
DA:10,1
DA:11,1
DA:12,1
DA:15,1
DA:17,0
DA:18,0
DA:19,0
DA:21,0
DA:24,0
DA:25,0
DA:29,1
DA:35,1
DA:36,1
DA:37,1
DA:38,1
DA:42,1
DA:43,0
DA:49,1
DA:50,0
DA:53,1
DA:54,0
DA:55,0
DA:56,0
DA:59,1
DA:66,1
DA:68,0
DA:69,0
DA:73,1
DA:74,2
DA:75,2
DA:76,2
DA:77,0
DA:80,2
DA:84,2
DA:85,1
DA:88,1
DA:90,0
DA:91,0
DA:95,1
DA:100,8
DA:101,8
DA:102,8
DA:104,8
DA:119,8
DA:120,8
DA:121,8
DA:123,0
DA:124,0
DA:129,1
DA:134,1
DA:135,1
DA:136,1
DA:137,0
DA:140,1
DA:144,1
DA:145,0
DA:148,1
DA:149,0
DA:153,1
DA:165,1
DA:166,1
DA:169,1
DA:171,1
DA:176,1
DA:178,1
DA:179,1
DA:181,0
DA:182,0
DA:187,1
DA:191,1
DA:192,1
DA:193,1
DA:194,0
DA:197,1
DA:201,1
DA:202,0
DA:205,1
DA:206,0
DA:209,1
DA:213,1
DA:214,1
DA:216,0
DA:217,0
DA:222,1
LF:93
LH:65
BRDA:18,0,0,0
BRDA:18,0,1,0
BRDA:42,1,0,0
BRDA:42,1,1,1
BRDA:49,2,0,0
BRDA:49,2,1,1
BRDA:53,3,0,0
BRDA:53,3,1,1
BRDA:53,4,0,1
BRDA:53,4,1,1
BRDA:55,5,0,0
BRDA:55,5,1,0
BRDA:56,6,0,0
BRDA:56,6,1,0
BRDA:61,7,0,0
BRDA:61,7,1,1
BRDA:62,8,0,0
BRDA:62,8,1,1
BRDA:76,9,0,0
BRDA:76,9,1,2
BRDA:84,10,0,1
BRDA:84,10,1,1
BRDA:102,11,0,8
BRDA:102,11,1,0
BRDA:106,12,0,8
BRDA:106,12,1,8
BRDA:107,13,0,8
BRDA:107,13,1,8
BRDA:108,14,0,8
BRDA:108,14,1,8
BRDA:109,15,0,8
BRDA:109,15,1,8
BRDA:110,16,0,8
BRDA:110,16,1,8
BRDA:136,17,0,0
BRDA:136,17,1,1
BRDA:144,18,0,0
BRDA:144,18,1,1
BRDA:148,19,0,0
BRDA:148,19,1,1
BRDA:148,20,0,1
BRDA:148,20,1,0
BRDA:156,21,0,0
BRDA:156,21,1,1
BRDA:157,22,0,0
BRDA:157,22,1,1
BRDA:165,23,0,1
BRDA:165,23,1,0
BRDA:193,24,0,0
BRDA:193,24,1,1
BRDA:201,25,0,0
BRDA:201,25,1,1
BRDA:205,26,0,0
BRDA:205,26,1,1
BRDA:205,27,0,1
BRDA:205,27,1,0
BRF:56
BRH:32
end_of_record
TN:
SF:src\services\fraudDetection.service.js
FN:18,(anonymous_0)
FN:54,(anonymous_1)
FN:88,(anonymous_2)
FN:122,(anonymous_3)
FN:159,(anonymous_4)
FN:167,(anonymous_5)
FN:192,(anonymous_6)
FN:229,(anonymous_7)
FNF:8
FNH:2
FNDA:0,(anonymous_0)
FNDA:0,(anonymous_1)
FNDA:0,(anonymous_2)
FNDA:0,(anonymous_3)
FNDA:8,(anonymous_4)
FNDA:16,(anonymous_5)
FNDA:0,(anonymous_6)
FNDA:0,(anonymous_7)
DA:1,1
DA:2,1
DA:3,1
DA:4,1
DA:7,1
DA:18,1
DA:19,0
DA:29,0
DA:31,0
DA:35,0
DA:36,0
DA:48,0
DA:50,0
DA:54,1
DA:55,0
DA:64,0
DA:66,0
DA:70,0
DA:71,0
DA:82,0
DA:84,0
DA:88,1
DA:89,0
DA:98,0
DA:100,0
DA:104,0
DA:105,0
DA:116,0
DA:118,0
DA:122,1
DA:123,0
DA:133,0
DA:135,0
DA:137,0
DA:141,0
DA:142,0
DA:153,0
DA:155,0
DA:159,1
DA:160,8
DA:167,16
DA:169,8
DA:173,8
DA:174,0
DA:186,8
DA:188,0
DA:192,1
DA:193,0
DA:200,0
DA:201,0
DA:207,0
DA:211,0
DA:212,0
DA:223,0
DA:225,0
DA:229,1
DA:230,0
DA:232,0
DA:233,0
DA:234,0
DA:235,0
DA:238,0
DA:241,0
DA:245,0
DA:256,0
DA:257,0
DA:261,1
LF:67
LH:18
BRDA:29,0,0,0
BRDA:29,0,1,0
BRDA:35,1,0,0
BRDA:35,1,1,0
BRDA:64,2,0,0
BRDA:64,2,1,0
BRDA:70,3,0,0
BRDA:70,3,1,0
BRDA:98,4,0,0
BRDA:98,4,1,0
BRDA:104,5,0,0
BRDA:104,5,1,0
BRDA:135,6,0,0
BRDA:135,6,1,0
BRDA:141,7,0,0
BRDA:141,7,1,0
BRDA:167,8,0,8
BRDA:167,8,1,0
BRDA:173,9,0,0
BRDA:173,9,1,8
BRDA:200,10,0,0
BRDA:200,10,1,0
BRDA:211,11,0,0
BRDA:211,11,1,0
BRDA:241,12,0,0
BRDA:241,12,1,0
BRDA:241,12,2,0
BRDA:241,12,3,0
BRDA:241,12,4,0
BRDA:241,12,5,0
BRF:30
BRH:2
end_of_record
TN:
SF:src\services\mlAnomalyDetection.service.js
FN:6,(anonymous_0)
FN:24,(anonymous_1)
FN:25,(anonymous_2)
FN:29,(anonymous_3)
FN:30,(anonymous_4)
FN:34,(anonymous_5)
FN:35,(anonymous_6)
FN:38,(anonymous_7)
FN:40,(anonymous_8)
FN:59,(anonymous_9)
FN:107,(anonymous_10)
FN:145,(anonymous_11)
FN:152,(anonymous_12)
FNF:13
FNH:0
FNDA:0,(anonymous_0)
FNDA:0,(anonymous_1)
FNDA:0,(anonymous_2)
FNDA:0,(anonymous_3)
FNDA:0,(anonymous_4)
FNDA:0,(anonymous_5)
FNDA:0,(anonymous_6)
FNDA:0,(anonymous_7)
FNDA:0,(anonymous_8)
FNDA:0,(anonymous_9)
FNDA:0,(anonymous_10)
FNDA:0,(anonymous_11)
FNDA:0,(anonymous_12)
DA:1,1
DA:2,1
DA:3,1
DA:6,1
DA:7,0
DA:17,0
DA:20,0
DA:21,0
DA:24,0
DA:25,0
DA:26,0
DA:29,0
DA:30,0
DA:31,0
DA:34,0
DA:35,0
DA:38,0
DA:39,0
DA:40,0
DA:43,0
DA:59,1
DA:60,0
DA:63,0
DA:71,0
DA:72,0
DA:79,0
DA:80,0
DA:87,0
DA:88,0
DA:95,0
DA:96,0
DA:103,0
DA:107,1
DA:108,0
DA:109,0
DA:110,0
DA:112,0
DA:114,0
DA:116,0
DA:117,0
DA:132,0
DA:139,0
DA:140,0
DA:145,1
DA:146,0
DA:152,0
DA:153,0
DA:156,0
DA:159,1
LF:49
LH:8
BRDA:17,0,0,0
BRDA:17,0,1,0
BRDA:24,1,0,0
BRDA:24,1,1,0
BRDA:25,2,0,0
BRDA:25,2,1,0
BRDA:30,3,0,0
BRDA:30,3,1,0
BRDA:35,4,0,0
BRDA:35,4,1,0
BRDA:39,5,0,0
BRDA:39,5,1,0
BRDA:71,6,0,0
BRDA:71,6,1,0
BRDA:79,7,0,0
BRDA:79,7,1,0
BRDA:87,8,0,0
BRDA:87,8,1,0
BRDA:95,9,0,0
BRDA:95,9,1,0
BRDA:110,10,0,0
BRDA:110,10,1,0
BRDA:114,11,0,0
BRDA:114,11,1,0
BRF:24
BRH:0
end_of_record
TN:
SF:src\utils\notification.js
FN:34,(anonymous_0)
FN:97,(anonymous_1)
FN:114,(anonymous_2)
FN:130,(anonymous_3)
FN:147,archiveOldNotifications
FN:160,(anonymous_5)
FNF:6
FNH:0
FNDA:0,(anonymous_0)
FNDA:0,(anonymous_1)
FNDA:0,(anonymous_2)
FNDA:0,(anonymous_3)
FNDA:0,archiveOldNotifications
FNDA:0,(anonymous_5)
DA:1,1
DA:2,1
DA:3,1
DA:6,1
DA:20,1
DA:34,1
DA:35,0
DA:37,0
DA:40,0
DA:41,0
DA:42,0
DA:44,0
DA:46,0
DA:47,0
DA:49,0
DA:51,0
DA:53,0
DA:60,0
DA:71,0
DA:72,0
DA:83,0
DA:85,0
DA:88,0
DA:97,1
DA:98,0
DA:107,0
DA:114,1
DA:115,0
DA:116,0
DA:121,0
DA:122,0
DA:130,1
DA:131,0
DA:132,0
DA:142,0
DA:143,0
DA:148,0
DA:149,0
DA:156,0
DA:157,0
DA:160,0
DA:166,0
DA:170,1
LF:43
LH:10
BRDA:34,0,0,0
BRDA:41,1,0,0
BRDA:41,1,1,0
BRDA:44,2,0,0
BRDA:44,2,1,0
BRDA:46,3,0,0
BRDA:46,3,1,0
BRDA:71,4,0,0
BRDA:71,4,1,0
BRDA:76,5,0,0
BRDA:76,5,1,0
BRDA:107,6,0,0
BRDA:107,6,1,0
BRDA:156,7,0,0
BRDA:156,7,1,0
BRF:15
BRH:0
end_of_record
